d:\data\problem solving c++\problem solving\fill  a 3x3 matrix\x64\debug\vc143.pdb
d:\data\problem solving c++\problem solving\fill  a 3x3 matrix\x64\debug\vc143.idb
d:\data\problem solving c++\problem solving\fill  a 3x3 matrix\x64\debug\fill  a 3x3 matrix.obj
d:\data\problem solving c++\problem solving\fill  a 3x3 matrix\x64\debug\fill  a 3x3 matrix.ilk
d:\data\problem solving c++\problem solving\x64\debug\fill  a 3x3 matrix.pdb
d:\data\problem solving c++\problem solving\fill  a 3x3 matrix\x64\debug\fill  a .d208c960.tlog\cl.command.1.tlog
d:\data\problem solving c++\problem solving\fill  a 3x3 matrix\x64\debug\fill  a .d208c960.tlog\cl.items.tlog
d:\data\problem solving c++\problem solving\fill  a 3x3 matrix\x64\debug\fill  a .d208c960.tlog\cl.read.1.tlog
d:\data\problem solving c++\problem solving\fill  a 3x3 matrix\x64\debug\fill  a .d208c960.tlog\cl.write.1.tlog
d:\data\problem solving c++\problem solving\fill  a 3x3 matrix\x64\debug\fill  a .d208c960.tlog\link-cvtres.read.1.tlog
d:\data\problem solving c++\problem solving\fill  a 3x3 matrix\x64\debug\fill  a .d208c960.tlog\link-cvtres.write.1.tlog
d:\data\problem solving c++\problem solving\fill  a 3x3 matrix\x64\debug\fill  a .d208c960.tlog\link-rc.read.1.tlog
d:\data\problem solving c++\problem solving\fill  a 3x3 matrix\x64\debug\fill  a .d208c960.tlog\link-rc.write.1.tlog
d:\data\problem solving c++\problem solving\fill  a 3x3 matrix\x64\debug\fill  a .d208c960.tlog\link.7584-cvtres.read.1.tlog
d:\data\problem solving c++\problem solving\fill  a 3x3 matrix\x64\debug\fill  a .d208c960.tlog\link.7584-cvtres.write.1.tlog
d:\data\problem solving c++\problem solving\fill  a 3x3 matrix\x64\debug\fill  a .d208c960.tlog\link.7584-rc.read.1.tlog
d:\data\problem solving c++\problem solving\fill  a 3x3 matrix\x64\debug\fill  a .d208c960.tlog\link.7584-rc.write.1.tlog
d:\data\problem solving c++\problem solving\fill  a 3x3 matrix\x64\debug\fill  a .d208c960.tlog\link.7584.read.1.tlog
d:\data\problem solving c++\problem solving\fill  a 3x3 matrix\x64\debug\fill  a .d208c960.tlog\link.7584.read.2.tlog
d:\data\problem solving c++\problem solving\fill  a 3x3 matrix\x64\debug\fill  a .d208c960.tlog\link.7584.write.1.tlog
d:\data\problem solving c++\problem solving\fill  a 3x3 matrix\x64\debug\fill  a .d208c960.tlog\link.command.1.tlog
d:\data\problem solving c++\problem solving\fill  a 3x3 matrix\x64\debug\fill  a .d208c960.tlog\link.read.1.tlog
d:\data\problem solving c++\problem solving\fill  a 3x3 matrix\x64\debug\fill  a .d208c960.tlog\link.read.2.tlog
d:\data\problem solving c++\problem solving\fill  a 3x3 matrix\x64\debug\fill  a .d208c960.tlog\link.secondary.1.tlog
d:\data\problem solving c++\problem solving\fill  a 3x3 matrix\x64\debug\fill  a .d208c960.tlog\link.write.1.tlog
